<?xml version="1.0" encoding="UTF-8"?>
<!-- Generated by org.testng.reporters.JUnitReportReporter -->
<testsuite skipped="0" hostname="Aykuts-Air" name="qaclickacademy.SeleniumTest" tests="2" failures="0" timestamp="05 Sep 2019 15:11:17 GMT" time="0.008" errors="0">
  <testcase name="BrowserAutomation" time="0.007" classname="qaclickacademy.SeleniumTest"/>
  <testcase name="elementsUi" time="0.001" classname="qaclickacademy.SeleniumTest"/>
</testsuite> <!-- qaclickacademy.SeleniumTest -->
